<?xml version="1.0" encoding="UTF-8"?>
<testng-results skipped="0" failed="0" ignored="0" total="1" passed="1">
  <reporter-output>
  </reporter-output>
  <suite name="Suite" duration-ms="31" started-at="2018-06-19T05:44:58Z" finished-at="2018-06-19T05:44:58Z">
    <groups>
    </groups>
    <test name="Test" duration-ms="31" started-at="2018-06-19T05:44:58Z" finished-at="2018-06-19T05:44:58Z">
      <class name="com.tyss.sampletests.GitSampleTwo">
        <test-method status="PASS" signature="editUser()[pri:0, instance:com.tyss.sampletests.GitSampleTwo@cb5822]" name="editUser" duration-ms="16" started-at="2018-06-19T05:44:58Z" finished-at="2018-06-19T05:44:58Z">
          <reporter-output>
          </reporter-output>
        </test-method> <!-- editUser -->
      </class> <!-- com.tyss.sampletests.GitSampleTwo -->
    </test> <!-- Test -->
  </suite> <!-- Suite -->
</testng-results>
